[debug] [2023-09-05T13:31:58.437Z] ----------------------------------------------------------------------
[debug] [2023-09-05T13:31:58.439Z] Command:       C:\Program Files\nodejs\node.exe C:\Users\bhavi\AppData\Roaming\npm\node_modules\firebase-tools\lib\bin\firebase.js emulators:start
[debug] [2023-09-05T13:31:58.440Z] CLI Version:   12.5.2
[debug] [2023-09-05T13:31:58.440Z] Platform:      win32
[debug] [2023-09-05T13:31:58.440Z] Node Version:  v18.12.0
[debug] [2023-09-05T13:31:58.446Z] Time:          Tue Sep 05 2023 19:01:58 GMT+0530 (India Standard Time)
[debug] [2023-09-05T13:31:58.446Z] ----------------------------------------------------------------------
[debug] 
[debug] [2023-09-05T13:31:58.585Z] > command requires scopes: ["email","openid","https://www.googleapis.com/auth/cloudplatformprojects.readonly","https://www.googleapis.com/auth/firebase","https://www.googleapis.com/auth/cloud-platform"]
[debug] [2023-09-05T13:31:58.586Z] > authorizing via signed-in user (bhavishsshetty.bs@gmail.com)
[info] i  emulators: Starting emulators: functions, hosting {"metadata":{"emulator":{"name":"hub"},"message":"Starting emulators: functions, hosting"}}
[debug] [2023-09-05T13:31:58.601Z] [logging] Logging Emulator only supports listening on one address (127.0.0.1). Not listening on ::1
[debug] [2023-09-05T13:31:58.601Z] [hosting] Hosting Emulator only supports listening on one address (127.0.0.1). Not listening on ::1
[debug] [2023-09-05T13:31:58.602Z] assigned listening specs for emulators {"user":{"hub":[{"address":"127.0.0.1","family":"IPv4","port":4400},{"address":"::1","family":"IPv6","port":4400}],"ui":[{"address":"127.0.0.1","family":"IPv4","port":4000},{"address":"::1","family":"IPv6","port":4000}],"logging":[{"address":"127.0.0.1","family":"IPv4","port":4500}],"hosting":[{"address":"127.0.0.1","family":"IPv4","port":5000}]},"metadata":{"message":"assigned listening specs for emulators"}}
[debug] [2023-09-05T13:31:58.623Z] [hub] writing locator at C:\Users\bhavi\AppData\Local\Temp\hub-clone-21842.json
[debug] [2023-09-05T13:31:58.649Z] [functions] Functions Emulator only supports listening on one address (127.0.0.1). Not listening on ::1
[debug] [2023-09-05T13:31:58.649Z] [eventarc] Eventarc Emulator only supports listening on one address (127.0.0.1). Not listening on ::1
[debug] [2023-09-05T13:31:58.649Z] late-assigned ports for functions and eventarc emulators {"user":{"hub":[{"address":"127.0.0.1","family":"IPv4","port":4400},{"address":"::1","family":"IPv6","port":4400}],"ui":[{"address":"127.0.0.1","family":"IPv4","port":4000},{"address":"::1","family":"IPv6","port":4000}],"logging":[{"address":"127.0.0.1","family":"IPv4","port":4500}],"hosting":[{"address":"127.0.0.1","family":"IPv4","port":5000}],"functions":[{"address":"127.0.0.1","family":"IPv4","port":5001}],"eventarc":[{"address":"127.0.0.1","family":"IPv4","port":9299}]},"metadata":{"message":"late-assigned ports for functions and eventarc emulators"}}
[warn] !  functions: The following emulators are not running, calls to these services from the Functions emulator will affect production: auth, firestore, database, pubsub, storage {"metadata":{"emulator":{"name":"functions"},"message":"The following emulators are not running, calls to these services from the Functions emulator will affect production: \u001b[1mauth, firestore, database, pubsub, storage\u001b[22m"}}
[debug] [2023-09-05T13:31:58.654Z] defaultcredentials: writing to file C:\Users\bhavi\AppData\Roaming\firebase\bhavishsshetty_bs_gmail.com_application_default_credentials.json
[debug] [2023-09-05T13:31:58.656Z] Setting GAC to C:\Users\bhavi\AppData\Roaming\firebase\bhavishsshetty_bs_gmail.com_application_default_credentials.json {"metadata":{"emulator":{"name":"functions"},"message":"Setting GAC to C:\\Users\\bhavi\\AppData\\Roaming\\firebase\\bhavishsshetty_bs_gmail.com_application_default_credentials.json"}}
[debug] [2023-09-05T13:31:58.657Z] > refreshing access token with scopes: []
[debug] [2023-09-05T13:31:58.659Z] >>> [apiv2][query] POST https://www.googleapis.com/oauth2/v3/token [none]
[debug] [2023-09-05T13:31:58.659Z] >>> [apiv2][body] POST https://www.googleapis.com/oauth2/v3/token [omitted]
[debug] [2023-09-05T13:31:58.919Z] <<< [apiv2][status] POST https://www.googleapis.com/oauth2/v3/token 200
[debug] [2023-09-05T13:31:58.919Z] <<< [apiv2][body] POST https://www.googleapis.com/oauth2/v3/token [omitted]
[debug] [2023-09-05T13:31:58.926Z] >>> [apiv2][query] GET https://firebase.googleapis.com/v1beta1/projects/clone-21842/adminSdkConfig [none]
[debug] [2023-09-05T13:31:59.435Z] <<< [apiv2][status] GET https://firebase.googleapis.com/v1beta1/projects/clone-21842/adminSdkConfig 200
[debug] [2023-09-05T13:31:59.435Z] <<< [apiv2][body] GET https://firebase.googleapis.com/v1beta1/projects/clone-21842/adminSdkConfig {"projectId":"clone-21842","storageBucket":"clone-21842.appspot.com"}
[debug] [2023-09-05T13:31:59.451Z] >>> [apiv2][query] GET https://firebasehosting.googleapis.com/v1beta1/projects/clone-21842/sites 
[debug] [2023-09-05T13:32:00.517Z] <<< [apiv2][status] GET https://firebasehosting.googleapis.com/v1beta1/projects/clone-21842/sites 200
[debug] [2023-09-05T13:32:00.517Z] <<< [apiv2][body] GET https://firebasehosting.googleapis.com/v1beta1/projects/clone-21842/sites {"sites":[{"name":"projects/clone-21842/sites/clone-21842","defaultUrl":"https://clone-21842.web.app","type":"DEFAULT_SITE"}]}
[debug] [2023-09-05T13:32:00.517Z] >>> [apiv2][query] GET https://firebase.googleapis.com/v1beta1/projects/clone-21842/webApps/-/config [none]
[debug] [2023-09-05T13:32:01.663Z] <<< [apiv2][status] GET https://firebase.googleapis.com/v1beta1/projects/clone-21842/webApps/-/config 200
[debug] [2023-09-05T13:32:01.664Z] <<< [apiv2][body] GET https://firebase.googleapis.com/v1beta1/projects/clone-21842/webApps/-/config {"projectId":"clone-21842","appId":"1:882213844926:web:15a28c66243f0765b06bef","storageBucket":"clone-21842.appspot.com","apiKey":"AIzaSyDZ1WwZwOXMLwk8b1j0w5IGIAbqbs-vgHk","authDomain":"clone-21842.firebaseapp.com","messagingSenderId":"882213844926","measurementId":"G-V2HDHN71M7"}
[debug] [2023-09-05T13:32:01.669Z] >>> [apiv2][query] GET https://firebase.googleapis.com/v1beta1/projects/clone-21842 [none]
[debug] [2023-09-05T13:32:02.218Z] <<< [apiv2][status] GET https://firebase.googleapis.com/v1beta1/projects/clone-21842 200
[debug] [2023-09-05T13:32:02.218Z] <<< [apiv2][body] GET https://firebase.googleapis.com/v1beta1/projects/clone-21842 {"projectId":"clone-21842","projectNumber":"882213844926","displayName":"amazon-challenge","name":"projects/clone-21842","resources":{"hostingSite":"clone-21842"},"state":"ACTIVE","etag":"1_76b0f781-52dc-4ef4-9460-6d536dba849a"}
[info] i  hosting[clone-21842]: Serving hosting files from: build {"metadata":{"emulator":{"name":"hosting"},"message":"Serving hosting files from: \u001b[1mbuild\u001b[22m"}}
[info] +  hosting[clone-21842]: Local server: http://127.0.0.1:5000 {"metadata":{"emulator":{"name":"hosting"},"message":"Local server: \u001b[4m\u001b[1mhttp://127.0.0.1:5000\u001b[22m\u001b[24m"}}
[info] i  ui: downloading ui-v1.11.7.zip... {"metadata":{"emulator":{"name":"ui"},"message":"downloading ui-v1.11.7.zip..."}}
[debug] [2023-09-05T13:32:02.252Z] >>> [apiv2][query] GET https://storage.googleapis.com/firebase-preview-drop/emulator/ui-v1.11.7.zip 
[debug] [2023-09-05T13:32:02.762Z] <<< [apiv2][status] GET https://storage.googleapis.com/firebase-preview-drop/emulator/ui-v1.11.7.zip 200
[debug] [2023-09-05T13:32:02.762Z] <<< [apiv2][body] GET https://storage.googleapis.com/firebase-preview-drop/emulator/ui-v1.11.7.zip [stream]
[debug] [2023-09-05T13:32:03.354Z] Data is 3064105
[debug] [2023-09-05T13:32:03.354Z] [unzip] Entry: client/ (compressed_size=0 bytes, uncompressed_size=0 bytes)
[debug] [2023-09-05T13:32:03.354Z] [unzip] Processing entry: client\
[debug] [2023-09-05T13:32:03.354Z] [unzip] mkdir: C:\Users\bhavi\.cache\firebase\emulators\ui-v1.11.7\client\
[debug] [2023-09-05T13:32:03.355Z] [unzip] Entry: client/favicon.ico (compressed_size=2497 bytes, uncompressed_size=7406 bytes)
[debug] [2023-09-05T13:32:03.355Z] [unzip] Processing entry: client\favicon.ico
[debug] [2023-09-05T13:32:03.355Z] [unzip] else mkdir: C:\Users\bhavi\.cache\firebase\emulators\ui-v1.11.7\client
[debug] [2023-09-05T13:32:03.355Z] [unzip] deflating: C:\Users\bhavi\.cache\firebase\emulators\ui-v1.11.7\client\favicon.ico
[debug] [2023-09-05T13:32:03.359Z] [unzip] Entry: client/apple-touch-icon.png (compressed_size=7231 bytes, uncompressed_size=7367 bytes)
[debug] [2023-09-05T13:32:03.359Z] [unzip] Processing entry: client\apple-touch-icon.png
[debug] [2023-09-05T13:32:03.359Z] [unzip] else mkdir: C:\Users\bhavi\.cache\firebase\emulators\ui-v1.11.7\client
[debug] [2023-09-05T13:32:03.360Z] [unzip] deflating: C:\Users\bhavi\.cache\firebase\emulators\ui-v1.11.7\client\apple-touch-icon.png
[debug] [2023-09-05T13:32:03.361Z] [unzip] Entry: client/android-chrome-512x512.png (compressed_size=16987 bytes, uncompressed_size=18186 bytes)
[debug] [2023-09-05T13:32:03.361Z] [unzip] Processing entry: client\android-chrome-512x512.png
[debug] [2023-09-05T13:32:03.361Z] [unzip] else mkdir: C:\Users\bhavi\.cache\firebase\emulators\ui-v1.11.7\client
[debug] [2023-09-05T13:32:03.362Z] [unzip] deflating: C:\Users\bhavi\.cache\firebase\emulators\ui-v1.11.7\client\android-chrome-512x512.png
[debug] [2023-09-05T13:32:03.364Z] [unzip] Entry: client/assets/ (compressed_size=0 bytes, uncompressed_size=0 bytes)
[debug] [2023-09-05T13:32:03.364Z] [unzip] Processing entry: client\assets\
[debug] [2023-09-05T13:32:03.364Z] [unzip] mkdir: C:\Users\bhavi\.cache\firebase\emulators\ui-v1.11.7\client\assets\
[debug] [2023-09-05T13:32:03.368Z] [unzip] Entry: client/assets/extensions/ (compressed_size=0 bytes, uncompressed_size=0 bytes)
[debug] [2023-09-05T13:32:03.368Z] [unzip] Processing entry: client\assets\extensions\
[debug] [2023-09-05T13:32:03.368Z] [unzip] mkdir: C:\Users\bhavi\.cache\firebase\emulators\ui-v1.11.7\client\assets\extensions\
[debug] [2023-09-05T13:32:03.369Z] [unzip] Entry: client/assets/extensions/default-extension.png (compressed_size=1646 bytes, uncompressed_size=1657 bytes)
[debug] [2023-09-05T13:32:03.369Z] [unzip] Processing entry: client\assets\extensions\default-extension.png
[debug] [2023-09-05T13:32:03.369Z] [unzip] else mkdir: C:\Users\bhavi\.cache\firebase\emulators\ui-v1.11.7\client\assets\extensions
[debug] [2023-09-05T13:32:03.370Z] [unzip] deflating: C:\Users\bhavi\.cache\firebase\emulators\ui-v1.11.7\client\assets\extensions\default-extension.png
[debug] [2023-09-05T13:32:03.371Z] [unzip] Entry: client/assets/index.58ca09f7.css (compressed_size=37601 bytes, uncompressed_size=321252 bytes)
[debug] [2023-09-05T13:32:03.371Z] [unzip] Processing entry: client\assets\index.58ca09f7.css
[debug] [2023-09-05T13:32:03.371Z] [unzip] else mkdir: C:\Users\bhavi\.cache\firebase\emulators\ui-v1.11.7\client\assets
[debug] [2023-09-05T13:32:03.371Z] [unzip] deflating: C:\Users\bhavi\.cache\firebase\emulators\ui-v1.11.7\client\assets\index.58ca09f7.css
[debug] [2023-09-05T13:32:03.376Z] [unzip] Entry: client/assets/index.c2583d42.js (compressed_size=526232 bytes, uncompressed_size=1860152 bytes)
[debug] [2023-09-05T13:32:03.376Z] [unzip] Processing entry: client\assets\index.c2583d42.js
[debug] [2023-09-05T13:32:03.376Z] [unzip] else mkdir: C:\Users\bhavi\.cache\firebase\emulators\ui-v1.11.7\client\assets
[debug] [2023-09-05T13:32:03.376Z] [unzip] deflating: C:\Users\bhavi\.cache\firebase\emulators\ui-v1.11.7\client\assets\index.c2583d42.js
[debug] [2023-09-05T13:32:03.389Z] [unzip] Entry: client/assets/provider-icons/ (compressed_size=0 bytes, uncompressed_size=0 bytes)
[debug] [2023-09-05T13:32:03.389Z] [unzip] Processing entry: client\assets\provider-icons\
[debug] [2023-09-05T13:32:03.390Z] [unzip] mkdir: C:\Users\bhavi\.cache\firebase\emulators\ui-v1.11.7\client\assets\provider-icons\
[debug] [2023-09-05T13:32:03.394Z] [unzip] Entry: client/assets/provider-icons/auth_service_oidc.svg (compressed_size=414 bytes, uncompressed_size=858 bytes)
[debug] [2023-09-05T13:32:03.394Z] [unzip] Processing entry: client\assets\provider-icons\auth_service_oidc.svg
[debug] [2023-09-05T13:32:03.394Z] [unzip] else mkdir: C:\Users\bhavi\.cache\firebase\emulators\ui-v1.11.7\client\assets\provider-icons
[debug] [2023-09-05T13:32:03.394Z] [unzip] deflating: C:\Users\bhavi\.cache\firebase\emulators\ui-v1.11.7\client\assets\provider-icons\auth_service_oidc.svg
[debug] [2023-09-05T13:32:03.396Z] [unzip] Entry: client/assets/provider-icons/auth_service_yahoo.svg (compressed_size=577 bytes, uncompressed_size=1182 bytes)
[debug] [2023-09-05T13:32:03.396Z] [unzip] Processing entry: client\assets\provider-icons\auth_service_yahoo.svg
[debug] [2023-09-05T13:32:03.396Z] [unzip] else mkdir: C:\Users\bhavi\.cache\firebase\emulators\ui-v1.11.7\client\assets\provider-icons
[debug] [2023-09-05T13:32:03.396Z] [unzip] deflating: C:\Users\bhavi\.cache\firebase\emulators\ui-v1.11.7\client\assets\provider-icons\auth_service_yahoo.svg
[debug] [2023-09-05T13:32:03.398Z] [unzip] Entry: client/assets/provider-icons/auth_service_phone.svg (compressed_size=261 bytes, uncompressed_size=414 bytes)
[debug] [2023-09-05T13:32:03.398Z] [unzip] Processing entry: client\assets\provider-icons\auth_service_phone.svg
[debug] [2023-09-05T13:32:03.398Z] [unzip] else mkdir: C:\Users\bhavi\.cache\firebase\emulators\ui-v1.11.7\client\assets\provider-icons
[debug] [2023-09-05T13:32:03.398Z] [unzip] deflating: C:\Users\bhavi\.cache\firebase\emulators\ui-v1.11.7\client\assets\provider-icons\auth_service_phone.svg
[debug] [2023-09-05T13:32:03.400Z] [unzip] Entry: client/assets/provider-icons/auth_service_saml.svg (compressed_size=575 bytes, uncompressed_size=1226 bytes)
[debug] [2023-09-05T13:32:03.400Z] [unzip] Processing entry: client\assets\provider-icons\auth_service_saml.svg
[debug] [2023-09-05T13:32:03.400Z] [unzip] else mkdir: C:\Users\bhavi\.cache\firebase\emulators\ui-v1.11.7\client\assets\provider-icons
[debug] [2023-09-05T13:32:03.400Z] [unzip] deflating: C:\Users\bhavi\.cache\firebase\emulators\ui-v1.11.7\client\assets\provider-icons\auth_service_saml.svg
[debug] [2023-09-05T13:32:03.402Z] [unzip] Entry: client/assets/provider-icons/auth_service_mslive.svg (compressed_size=203 bytes, uncompressed_size=378 bytes)
[debug] [2023-09-05T13:32:03.402Z] [unzip] Processing entry: client\assets\provider-icons\auth_service_mslive.svg
[debug] [2023-09-05T13:32:03.402Z] [unzip] else mkdir: C:\Users\bhavi\.cache\firebase\emulators\ui-v1.11.7\client\assets\provider-icons
[debug] [2023-09-05T13:32:03.402Z] [unzip] deflating: C:\Users\bhavi\.cache\firebase\emulators\ui-v1.11.7\client\assets\provider-icons\auth_service_mslive.svg
[debug] [2023-09-05T13:32:03.403Z] [unzip] Entry: client/assets/provider-icons/auth_service_facebook.svg (compressed_size=289 bytes, uncompressed_size=457 bytes)
[debug] [2023-09-05T13:32:03.404Z] [unzip] Processing entry: client\assets\provider-icons\auth_service_facebook.svg
[debug] [2023-09-05T13:32:03.404Z] [unzip] else mkdir: C:\Users\bhavi\.cache\firebase\emulators\ui-v1.11.7\client\assets\provider-icons
[debug] [2023-09-05T13:32:03.404Z] [unzip] deflating: C:\Users\bhavi\.cache\firebase\emulators\ui-v1.11.7\client\assets\provider-icons\auth_service_facebook.svg
[debug] [2023-09-05T13:32:03.405Z] [unzip] Entry: client/assets/provider-icons/auth_service_play_games.svg (compressed_size=565 bytes, uncompressed_size=1173 bytes)
[debug] [2023-09-05T13:32:03.405Z] [unzip] Processing entry: client\assets\provider-icons\auth_service_play_games.svg
[debug] [2023-09-05T13:32:03.405Z] [unzip] else mkdir: C:\Users\bhavi\.cache\firebase\emulators\ui-v1.11.7\client\assets\provider-icons
[debug] [2023-09-05T13:32:03.406Z] [unzip] deflating: C:\Users\bhavi\.cache\firebase\emulators\ui-v1.11.7\client\assets\provider-icons\auth_service_play_games.svg
[debug] [2023-09-05T13:32:03.407Z] [unzip] Entry: client/assets/provider-icons/auth_service_github.svg (compressed_size=466 bytes, uncompressed_size=838 bytes)
[debug] [2023-09-05T13:32:03.407Z] [unzip] Processing entry: client\assets\provider-icons\auth_service_github.svg
[debug] [2023-09-05T13:32:03.407Z] [unzip] else mkdir: C:\Users\bhavi\.cache\firebase\emulators\ui-v1.11.7\client\assets\provider-icons
[debug] [2023-09-05T13:32:03.407Z] [unzip] deflating: C:\Users\bhavi\.cache\firebase\emulators\ui-v1.11.7\client\assets\provider-icons\auth_service_github.svg
[debug] [2023-09-05T13:32:03.408Z] [unzip] Entry: client/assets/provider-icons/auth_service_apple.svg (compressed_size=230 bytes, uncompressed_size=334 bytes)
[debug] [2023-09-05T13:32:03.408Z] [unzip] Processing entry: client\assets\provider-icons\auth_service_apple.svg
[debug] [2023-09-05T13:32:03.408Z] [unzip] else mkdir: C:\Users\bhavi\.cache\firebase\emulators\ui-v1.11.7\client\assets\provider-icons
[debug] [2023-09-05T13:32:03.408Z] [unzip] deflating: C:\Users\bhavi\.cache\firebase\emulators\ui-v1.11.7\client\assets\provider-icons\auth_service_apple.svg
[debug] [2023-09-05T13:32:03.409Z] [unzip] Entry: client/assets/provider-icons/auth_service_google.svg (compressed_size=409 bytes, uncompressed_size=720 bytes)
[debug] [2023-09-05T13:32:03.409Z] [unzip] Processing entry: client\assets\provider-icons\auth_service_google.svg
[debug] [2023-09-05T13:32:03.409Z] [unzip] else mkdir: C:\Users\bhavi\.cache\firebase\emulators\ui-v1.11.7\client\assets\provider-icons
[debug] [2023-09-05T13:32:03.410Z] [unzip] deflating: C:\Users\bhavi\.cache\firebase\emulators\ui-v1.11.7\client\assets\provider-icons\auth_service_google.svg
[debug] [2023-09-05T13:32:03.411Z] [unzip] Entry: client/assets/provider-icons/auth_service_email.svg (compressed_size=228 bytes, uncompressed_size=326 bytes)
[debug] [2023-09-05T13:32:03.411Z] [unzip] Processing entry: client\assets\provider-icons\auth_service_email.svg
[debug] [2023-09-05T13:32:03.411Z] [unzip] else mkdir: C:\Users\bhavi\.cache\firebase\emulators\ui-v1.11.7\client\assets\provider-icons
[debug] [2023-09-05T13:32:03.411Z] [unzip] deflating: C:\Users\bhavi\.cache\firebase\emulators\ui-v1.11.7\client\assets\provider-icons\auth_service_email.svg
[debug] [2023-09-05T13:32:03.412Z] [unzip] Entry: client/assets/provider-icons/auth_service_twitter.svg (compressed_size=444 bytes, uncompressed_size=751 bytes)
[debug] [2023-09-05T13:32:03.413Z] [unzip] Processing entry: client\assets\provider-icons\auth_service_twitter.svg
[debug] [2023-09-05T13:32:03.413Z] [unzip] else mkdir: C:\Users\bhavi\.cache\firebase\emulators\ui-v1.11.7\client\assets\provider-icons
[debug] [2023-09-05T13:32:03.413Z] [unzip] deflating: C:\Users\bhavi\.cache\firebase\emulators\ui-v1.11.7\client\assets\provider-icons\auth_service_twitter.svg
[debug] [2023-09-05T13:32:03.414Z] [unzip] Entry: client/assets/provider-icons/auth_service_game_center.svg (compressed_size=991 bytes, uncompressed_size=3921 bytes)
[debug] [2023-09-05T13:32:03.414Z] [unzip] Processing entry: client\assets\provider-icons\auth_service_game_center.svg
[debug] [2023-09-05T13:32:03.414Z] [unzip] else mkdir: C:\Users\bhavi\.cache\firebase\emulators\ui-v1.11.7\client\assets\provider-icons
[debug] [2023-09-05T13:32:03.415Z] [unzip] deflating: C:\Users\bhavi\.cache\firebase\emulators\ui-v1.11.7\client\assets\provider-icons\auth_service_game_center.svg
[debug] [2023-09-05T13:32:03.416Z] [unzip] Entry: client/assets/index.c2583d42.js.map (compressed_size=1778557 bytes, uncompressed_size=7961927 bytes)
[debug] [2023-09-05T13:32:03.416Z] [unzip] Processing entry: client\assets\index.c2583d42.js.map
[debug] [2023-09-05T13:32:03.416Z] [unzip] else mkdir: C:\Users\bhavi\.cache\firebase\emulators\ui-v1.11.7\client\assets
[debug] [2023-09-05T13:32:03.416Z] [unzip] deflating: C:\Users\bhavi\.cache\firebase\emulators\ui-v1.11.7\client\assets\index.c2583d42.js.map
[debug] [2023-09-05T13:32:03.457Z] [unzip] Entry: client/assets/img/ (compressed_size=0 bytes, uncompressed_size=0 bytes)
[debug] [2023-09-05T13:32:03.457Z] [unzip] Processing entry: client\assets\img\
[debug] [2023-09-05T13:32:03.457Z] [unzip] mkdir: C:\Users\bhavi\.cache\firebase\emulators\ui-v1.11.7\client\assets\img\
[debug] [2023-09-05T13:32:03.458Z] [unzip] Entry: client/assets/img/database.png (compressed_size=29449 bytes, uncompressed_size=29988 bytes)
[debug] [2023-09-05T13:32:03.458Z] [unzip] Processing entry: client\assets\img\database.png
[debug] [2023-09-05T13:32:03.458Z] [unzip] else mkdir: C:\Users\bhavi\.cache\firebase\emulators\ui-v1.11.7\client\assets\img
[debug] [2023-09-05T13:32:03.458Z] [unzip] deflating: C:\Users\bhavi\.cache\firebase\emulators\ui-v1.11.7\client\assets\img\database.png
[debug] [2023-09-05T13:32:03.459Z] [unzip] Entry: client/safari-pinned-tab.svg (compressed_size=838 bytes, uncompressed_size=1504 bytes)
[debug] [2023-09-05T13:32:03.459Z] [unzip] Processing entry: client\safari-pinned-tab.svg
[debug] [2023-09-05T13:32:03.459Z] [unzip] else mkdir: C:\Users\bhavi\.cache\firebase\emulators\ui-v1.11.7\client
[debug] [2023-09-05T13:32:03.459Z] [unzip] deflating: C:\Users\bhavi\.cache\firebase\emulators\ui-v1.11.7\client\safari-pinned-tab.svg
[debug] [2023-09-05T13:32:03.460Z] [unzip] Entry: client/mstile-150x150.png (compressed_size=5406 bytes, uncompressed_size=5723 bytes)
[debug] [2023-09-05T13:32:03.460Z] [unzip] Processing entry: client\mstile-150x150.png
[debug] [2023-09-05T13:32:03.460Z] [unzip] else mkdir: C:\Users\bhavi\.cache\firebase\emulators\ui-v1.11.7\client
[debug] [2023-09-05T13:32:03.461Z] [unzip] deflating: C:\Users\bhavi\.cache\firebase\emulators\ui-v1.11.7\client\mstile-150x150.png
[debug] [2023-09-05T13:32:03.462Z] [unzip] Entry: client/browserconfig.xml (compressed_size=491 bytes, uncompressed_size=822 bytes)
[debug] [2023-09-05T13:32:03.462Z] [unzip] Processing entry: client\browserconfig.xml
[debug] [2023-09-05T13:32:03.462Z] [unzip] else mkdir: C:\Users\bhavi\.cache\firebase\emulators\ui-v1.11.7\client
[debug] [2023-09-05T13:32:03.462Z] [unzip] deflating: C:\Users\bhavi\.cache\firebase\emulators\ui-v1.11.7\client\browserconfig.xml
[debug] [2023-09-05T13:32:03.463Z] [unzip] Entry: client/robots.txt (compressed_size=26 bytes, uncompressed_size=26 bytes)
[debug] [2023-09-05T13:32:03.463Z] [unzip] Processing entry: client\robots.txt
[debug] [2023-09-05T13:32:03.463Z] [unzip] else mkdir: C:\Users\bhavi\.cache\firebase\emulators\ui-v1.11.7\client
[debug] [2023-09-05T13:32:03.463Z] [unzip] Writing file: C:\Users\bhavi\.cache\firebase\emulators\ui-v1.11.7\client\robots.txt
[debug] [2023-09-05T13:32:03.464Z] [unzip] Entry: client/index.html (compressed_size=1363 bytes, uncompressed_size=3064 bytes)
[debug] [2023-09-05T13:32:03.465Z] [unzip] Processing entry: client\index.html
[debug] [2023-09-05T13:32:03.465Z] [unzip] else mkdir: C:\Users\bhavi\.cache\firebase\emulators\ui-v1.11.7\client
[debug] [2023-09-05T13:32:03.465Z] [unzip] deflating: C:\Users\bhavi\.cache\firebase\emulators\ui-v1.11.7\client\index.html
[debug] [2023-09-05T13:32:03.466Z] [unzip] Entry: client/favicon-16x16.png (compressed_size=757 bytes, uncompressed_size=777 bytes)
[debug] [2023-09-05T13:32:03.466Z] [unzip] Processing entry: client\favicon-16x16.png
[debug] [2023-09-05T13:32:03.466Z] [unzip] else mkdir: C:\Users\bhavi\.cache\firebase\emulators\ui-v1.11.7\client
[debug] [2023-09-05T13:32:03.466Z] [unzip] deflating: C:\Users\bhavi\.cache\firebase\emulators\ui-v1.11.7\client\favicon-16x16.png
[debug] [2023-09-05T13:32:03.467Z] [unzip] Entry: client/manifest.json (compressed_size=246 bytes, uncompressed_size=551 bytes)
[debug] [2023-09-05T13:32:03.467Z] [unzip] Processing entry: client\manifest.json
[debug] [2023-09-05T13:32:03.467Z] [unzip] else mkdir: C:\Users\bhavi\.cache\firebase\emulators\ui-v1.11.7\client
[debug] [2023-09-05T13:32:03.468Z] [unzip] deflating: C:\Users\bhavi\.cache\firebase\emulators\ui-v1.11.7\client\manifest.json
[debug] [2023-09-05T13:32:03.469Z] [unzip] Entry: client/favicon-32x32.png (compressed_size=1175 bytes, uncompressed_size=1175 bytes)
[debug] [2023-09-05T13:32:03.469Z] [unzip] Processing entry: client\favicon-32x32.png
[debug] [2023-09-05T13:32:03.469Z] [unzip] else mkdir: C:\Users\bhavi\.cache\firebase\emulators\ui-v1.11.7\client
[debug] [2023-09-05T13:32:03.469Z] [unzip] Writing file: C:\Users\bhavi\.cache\firebase\emulators\ui-v1.11.7\client\favicon-32x32.png
[debug] [2023-09-05T13:32:03.470Z] [unzip] Entry: client/android-chrome-192x192.png (compressed_size=7602 bytes, uncompressed_size=7834 bytes)
[debug] [2023-09-05T13:32:03.470Z] [unzip] Processing entry: client\android-chrome-192x192.png
[debug] [2023-09-05T13:32:03.470Z] [unzip] else mkdir: C:\Users\bhavi\.cache\firebase\emulators\ui-v1.11.7\client
[debug] [2023-09-05T13:32:03.471Z] [unzip] deflating: C:\Users\bhavi\.cache\firebase\emulators\ui-v1.11.7\client\android-chrome-192x192.png
[debug] [2023-09-05T13:32:03.471Z] [unzip] Entry: server/ (compressed_size=0 bytes, uncompressed_size=0 bytes)
[debug] [2023-09-05T13:32:03.472Z] [unzip] Processing entry: server\
[debug] [2023-09-05T13:32:03.472Z] [unzip] mkdir: C:\Users\bhavi\.cache\firebase\emulators\ui-v1.11.7\server\
[debug] [2023-09-05T13:32:03.472Z] [unzip] Entry: server/server.js (compressed_size=343746 bytes, uncompressed_size=1346374 bytes)
[debug] [2023-09-05T13:32:03.472Z] [unzip] Processing entry: server\server.js
[debug] [2023-09-05T13:32:03.472Z] [unzip] else mkdir: C:\Users\bhavi\.cache\firebase\emulators\ui-v1.11.7\server
[debug] [2023-09-05T13:32:03.472Z] [unzip] deflating: C:\Users\bhavi\.cache\firebase\emulators\ui-v1.11.7\server\server.js
[debug] [2023-09-05T13:32:03.481Z] [unzip] Entry: server/server.js.map (compressed_size=289157 bytes, uncompressed_size=1325651 bytes)
[debug] [2023-09-05T13:32:03.481Z] [unzip] Processing entry: server\server.js.map
[debug] [2023-09-05T13:32:03.481Z] [unzip] else mkdir: C:\Users\bhavi\.cache\firebase\emulators\ui-v1.11.7\server
[debug] [2023-09-05T13:32:03.481Z] [unzip] deflating: C:\Users\bhavi\.cache\firebase\emulators\ui-v1.11.7\server\server.js.map
[debug] [2023-09-05T13:32:03.490Z] Ignoring unsupported arg: auto_download {"metadata":{"emulator":{"name":"ui"},"message":"Ignoring unsupported arg: auto_download"}}
[debug] [2023-09-05T13:32:03.490Z] Ignoring unsupported arg: port {"metadata":{"emulator":{"name":"ui"},"message":"Ignoring unsupported arg: port"}}
[debug] [2023-09-05T13:32:03.490Z] Starting Emulator UI with command {"binary":"node","args":["C:\\Users\\bhavi\\.cache\\firebase\\emulators\\ui-v1.11.7\\server\\server.js"],"optionalArgs":[],"joinArgs":false} {"metadata":{"emulator":{"name":"ui"},"message":"Starting Emulator UI with command {\"binary\":\"node\",\"args\":[\"C:\\\\Users\\\\bhavi\\\\.cache\\\\firebase\\\\emulators\\\\ui-v1.11.7\\\\server\\\\server.js\"],\"optionalArgs\":[],\"joinArgs\":false}"}}
[info] i  ui: Emulator UI logging to ui-debug.log {"metadata":{"emulator":{"name":"ui"},"message":"Emulator UI logging to \u001b[1mui-debug.log\u001b[22m"}}
[debug] [2023-09-05T13:32:03.632Z] Web / API server started at 127.0.0.1:4000
 {"metadata":{"emulator":{"name":"ui"},"message":"Web / API server started at 127.0.0.1:4000\n"}}
[debug] [2023-09-05T13:32:03.632Z] Web / API server started at ::1:4000
 {"metadata":{"emulator":{"name":"ui"},"message":"Web / API server started at ::1:4000\n"}}
[info] i  functions: Watching "C:\AMAZON\amazon-clone\functions" for Cloud Functions... {"metadata":{"emulator":{"name":"functions"},"message":"Watching \"C:\\AMAZON\\amazon-clone\\functions\" for Cloud Functions..."}}
[debug] [2023-09-05T13:32:03.770Z] Validating nodejs source
[debug] [2023-09-05T13:32:06.705Z] > [functions] package.json contents: {
  "name": "functions",
  "description": "Cloud Functions for Firebase",
  "scripts": {
    "lint": "eslint .",
    "serve": "firebase emulators:start --only functions",
    "shell": "firebase functions:shell",
    "start": "npm run shell",
    "deploy": "firebase deploy --only functions",
    "logs": "firebase functions:log"
  },
  "engines": {
    "node": "18"
  },
  "main": "index.js",
  "dependencies": {
    "cors": "^2.8.5",
    "express": "^4.18.2",
    "firebase-admin": "^11.8.0",
    "firebase-functions": "^4.3.1",
    "stripe": "^13.4.0"
  },
  "devDependencies": {
    "eslint": "^8.15.0",
    "eslint-config-google": "^0.14.0",
    "firebase-functions-test": "^3.1.0"
  },
  "private": true
}
[debug] [2023-09-05T13:32:06.705Z] Building nodejs source
[debug] [2023-09-05T13:32:06.705Z] Failed to find version of module node: reached end of search path C:\AMAZON\amazon-clone\functions\node_modules
[info] +  functions: Using node@18 from host. 
[debug] [2023-09-05T13:32:06.707Z] Could not find functions.yaml. Must use http discovery
[debug] [2023-09-05T13:32:06.715Z] Found firebase-functions binary at 'C:\AMAZON\amazon-clone\functions\node_modules\.bin\firebase-functions'
[info] Serving at port 8323

[debug] [2023-09-05T13:32:08.377Z] Got response code 400; body Failed to generate manifest from function source: ReferenceError: functions is not defined
[info] shutdown requested via /__/quitquitquit

[error] !!  functions: Failed to load function definition from source: FirebaseError: Functions codebase could not be analyzed successfully. It may have a syntax or runtime error {"metadata":{"emulator":{"name":"functions"},"message":"Failed to load function definition from source: FirebaseError: Functions codebase could not be analyzed successfully. It may have a syntax or runtime error"}}
[info] 
┌─────────────────────────────────────────────────────────────┐
│ ✔  All emulators ready! It is now safe to connect your app. │
│ i  View Emulator UI at http://127.0.0.1:4000/               │
└─────────────────────────────────────────────────────────────┘

┌───────────┬────────────────┬─────────────────────────────────┐
│ Emulator  │ Host:Port      │ View in Emulator UI             │
├───────────┼────────────────┼─────────────────────────────────┤
│ Functions │ 127.0.0.1:5001 │ http://127.0.0.1:4000/functions │
├───────────┼────────────────┼─────────────────────────────────┤
│ Hosting   │ 127.0.0.1:5000 │ n/a                             │
└───────────┴────────────────┴─────────────────────────────────┘
  Emulator Hub running at 127.0.0.1:4400
  Other reserved ports: 4500

Issues? Report them at https://github.com/firebase/firebase-tools/issues and attach the *-debug.log files.
 
